  [4;36;1mSQL (0.1ms)[0m   [0;1mSET NAMES 'utf8'[0m
  [4;35;1mSQL (0.1ms)[0m   [0mSET SQL_AUTO_IS_NULL=0[0m


Processing HomeController#index (for 127.0.0.1 at 2010-09-20 17:55:23) [GET]
Rendering home/index
Completed in 20ms (View: 18, DB: 0) | 200 OK [http://localhost/]
  [4;36;1mSQL (0.1ms)[0m   [0;1mSET NAMES 'utf8'[0m
  [4;35;1mSQL (0.1ms)[0m   [0mSET SQL_AUTO_IS_NULL=0[0m


Processing HomeController#index (for 127.0.0.1 at 2010-09-20 17:57:34) [GET]
Rendering home/index
Completed in 7ms (View: 6, DB: 0) | 200 OK [http://localhost/]
  [4;36;1mSQL (0.1ms)[0m   [0;1mSET NAMES 'utf8'[0m
  [4;35;1mSQL (0.1ms)[0m   [0mSET SQL_AUTO_IS_NULL=0[0m


Processing HomeController#index (for 127.0.0.1 at 2010-09-20 17:58:18) [GET]
Rendering home/index
Completed in 4ms (View: 3, DB: 0) | 200 OK [http://localhost/]
  [4;36;1mSQL (0.1ms)[0m   [0;1mSET NAMES 'utf8'[0m
  [4;35;1mSQL (0.1ms)[0m   [0mSET SQL_AUTO_IS_NULL=0[0m


Processing HomeController#index (for 127.0.0.1 at 2010-09-20 18:39:12) [GET]
Rendering home/index
Completed in 4ms (View: 3, DB: 0) | 200 OK [http://localhost/]
  [4;36;1mSQL (0.1ms)[0m   [0;1mSET NAMES 'utf8'[0m
  [4;35;1mSQL (0.1ms)[0m   [0mSET SQL_AUTO_IS_NULL=0[0m


Processing ContactsController#index (for 127.0.0.1 at 2010-09-20 18:39:17) [GET]
Rendering contacts/index
Completed in 7ms (View: 5, DB: 0) | 200 OK [http://localhost/contacts]
  [4;36;1mSQL (0.1ms)[0m   [0;1mSET NAMES 'utf8'[0m
  [4;35;1mSQL (0.1ms)[0m   [0mSET SQL_AUTO_IS_NULL=0[0m


Processing ContactsController#index (for 127.0.0.1 at 2010-09-20 18:40:03) [GET]
Rendering contacts/index
Completed in 63ms (View: 62, DB: 0) | 200 OK [http://localhost/contacts]
  [4;36;1mSQL (0.1ms)[0m   [0;1mSET NAMES 'utf8'[0m
  [4;35;1mSQL (0.1ms)[0m   [0mSET SQL_AUTO_IS_NULL=0[0m


Processing HomeController#index (for 127.0.0.1 at 2010-09-20 18:40:09) [GET]
Rendering home/index
Completed in 7ms (View: 4, DB: 0) | 200 OK [http://localhost/]
  [4;36;1mSQL (0.1ms)[0m   [0;1mSET NAMES 'utf8'[0m
  [4;35;1mSQL (0.1ms)[0m   [0mSET SQL_AUTO_IS_NULL=0[0m


Processing HomeController#index (for 127.0.0.1 at 2010-09-20 18:40:10) [GET]
Rendering home/index
Completed in 4ms (View: 3, DB: 0) | 200 OK [http://localhost/]
  [4;36;1mSQL (0.1ms)[0m   [0;1mSET NAMES 'utf8'[0m
  [4;35;1mSQL (0.1ms)[0m   [0mSET SQL_AUTO_IS_NULL=0[0m


Processing ContactsController#index (for 127.0.0.1 at 2010-09-20 18:40:19) [GET]
Rendering contacts/index
Completed in 5ms (View: 3, DB: 0) | 200 OK [http://localhost/contacts]
  [4;36;1mSQL (0.1ms)[0m   [0;1mSET NAMES 'utf8'[0m
  [4;35;1mSQL (0.1ms)[0m   [0mSET SQL_AUTO_IS_NULL=0[0m


Processing ContactsController#index (for 127.0.0.1 at 2010-09-20 18:44:16) [GET]

NoMethodError (undefined method `uri' for #<ActionController::Request:0x10376ad28>):
  app/controllers/application_controller.rb:13:in `save_uri'

Rendered rescues/_trace (38.6ms)
Rendered rescues/_request_and_response (1.3ms)
Rendering rescues/layout (internal_server_error)
  [4;36;1mSQL (0.1ms)[0m   [0;1mSET NAMES 'utf8'[0m
  [4;35;1mSQL (0.1ms)[0m   [0mSET SQL_AUTO_IS_NULL=0[0m


Processing ContactsController#index (for 127.0.0.1 at 2010-09-20 18:45:15) [GET]
Rendering contacts/index
Completed in 5ms (View: 3, DB: 0) | 200 OK [http://localhost/contacts]
  [4;36;1mSQL (0.1ms)[0m   [0;1mSET NAMES 'utf8'[0m
  [4;35;1mSQL (0.1ms)[0m   [0mSET SQL_AUTO_IS_NULL=0[0m


Processing ContactsController#index (for 127.0.0.1 at 2010-09-20 18:45:41) [GET]
Rendering contacts/index
Completed in 5ms (View: 3, DB: 0) | 200 OK [http://localhost/contacts]
  [4;36;1mSQL (0.1ms)[0m   [0;1mSET NAMES 'utf8'[0m
  [4;35;1mSQL (0.1ms)[0m   [0mSET SQL_AUTO_IS_NULL=0[0m


Processing HomeController#index (for 127.0.0.1 at 2010-09-20 18:45:48) [GET]
Rendering home/index
Completed in 5ms (View: 3, DB: 0) | 200 OK [http://localhost/]
  [4;36;1mSQL (0.1ms)[0m   [0;1mSET NAMES 'utf8'[0m
  [4;35;1mSQL (0.1ms)[0m   [0mSET SQL_AUTO_IS_NULL=0[0m


Processing ContactsController#index (for 127.0.0.1 at 2010-09-20 18:46:10) [GET]
Rendering contacts/index
Completed in 7ms (View: 5, DB: 0) | 200 OK [http://localhost/contacts]
  [4;36;1mSQL (0.1ms)[0m   [0;1mSET NAMES 'utf8'[0m
  [4;35;1mSQL (0.1ms)[0m   [0mSET SQL_AUTO_IS_NULL=0[0m


Processing ContactsController#index (for 127.0.0.1 at 2010-09-20 18:46:48) [GET]
Rendering contacts/index
Completed in 7ms (View: 4, DB: 0) | 200 OK [http://localhost/contacts]
  [4;36;1mSQL (0.1ms)[0m   [0;1mSET NAMES 'utf8'[0m
  [4;35;1mSQL (0.1ms)[0m   [0mSET SQL_AUTO_IS_NULL=0[0m


Processing ContactsController#index (for 127.0.0.1 at 2010-09-20 18:47:04) [GET]
Rendering contacts/index
Completed in 5ms (View: 3, DB: 0) | 200 OK [http://localhost/contacts]
  [4;36;1mSQL (0.1ms)[0m   [0;1mSET NAMES 'utf8'[0m
  [4;35;1mSQL (0.1ms)[0m   [0mSET SQL_AUTO_IS_NULL=0[0m


Processing ContactsController#index (for 127.0.0.1 at 2010-09-20 18:52:21) [GET]
Rendering template within layouts/application
Rendering contacts/index
Completed in 10ms (View: 8, DB: 0) | 200 OK [http://localhost/contacts]
  [4;36;1mSQL (0.1ms)[0m   [0;1mSET NAMES 'utf8'[0m
  [4;35;1mSQL (0.1ms)[0m   [0mSET SQL_AUTO_IS_NULL=0[0m


Processing ApplicationController#index (for 127.0.0.1 at 2010-09-20 18:52:21) [GET]

ActionController::RoutingError (No route matches "/stylesheets/application.css" with {:method=>:get}):
  

Rendering rescues/layout (not_found)
  [4;36;1mSQL (0.1ms)[0m   [0;1mSET NAMES 'utf8'[0m
  [4;35;1mSQL (1.9ms)[0m   [0mSET SQL_AUTO_IS_NULL=0[0m


Processing ContactsController#index (for 127.0.0.1 at 2010-09-20 18:53:36) [GET]
Rendering template within layouts/application
Rendering contacts/index
Completed in 12ms (View: 10, DB: 2) | 200 OK [http://localhost/contacts]
  [4;36;1mSQL (0.1ms)[0m   [0;1mSET NAMES 'utf8'[0m
  [4;35;1mSQL (0.1ms)[0m   [0mSET SQL_AUTO_IS_NULL=0[0m


Processing ApplicationController#index (for 127.0.0.1 at 2010-09-20 18:53:36) [GET]

ActionController::RoutingError (No route matches "/stylesheets/application.css" with {:method=>:get}):
  

Rendering rescues/layout (not_found)
  [4;36;1mSQL (0.1ms)[0m   [0;1mSET NAMES 'utf8'[0m
  [4;35;1mSQL (0.1ms)[0m   [0mSET SQL_AUTO_IS_NULL=0[0m


Processing ContactsController#index (for 127.0.0.1 at 2010-09-20 18:53:40) [GET]
Rendering template within layouts/application
Rendering contacts/index
Completed in 9ms (View: 7, DB: 0) | 200 OK [http://localhost/contacts]
  [4;36;1mSQL (0.1ms)[0m   [0;1mSET NAMES 'utf8'[0m
  [4;35;1mSQL (0.1ms)[0m   [0mSET SQL_AUTO_IS_NULL=0[0m


Processing ApplicationController#index (for 127.0.0.1 at 2010-09-20 18:53:40) [GET]

ActionController::RoutingError (No route matches "/stylesheets/application.css" with {:method=>:get}):
  

Rendering rescues/layout (not_found)
  [4;36;1mSQL (0.1ms)[0m   [0;1mSET NAMES 'utf8'[0m
  [4;35;1mSQL (0.1ms)[0m   [0mSET SQL_AUTO_IS_NULL=0[0m


Processing LocalesController#update (for 127.0.0.1 at 2010-09-20 18:53:43) [PUT]
  Parameters: {"authenticity_token"=>"uERgXBF2EI80n+Yzav2LhsrlgOf/6Q/cjeB0W6VMP8A=", "id"=>"ru"}
Redirected to http://localhost:3000/contacts
Completed in 2ms (DB: 0) | 302 Found [http://localhost/locales/ru]
  [4;36;1mSQL (0.1ms)[0m   [0;1mSET NAMES 'utf8'[0m
  [4;35;1mSQL (0.1ms)[0m   [0mSET SQL_AUTO_IS_NULL=0[0m


Processing ContactsController#index (for 127.0.0.1 at 2010-09-20 18:53:43) [GET]
Rendering template within layouts/application
Rendering contacts/index
Completed in 8ms (View: 6, DB: 0) | 200 OK [http://localhost/contacts]
  [4;36;1mSQL (0.1ms)[0m   [0;1mSET NAMES 'utf8'[0m
  [4;35;1mSQL (0.1ms)[0m   [0mSET SQL_AUTO_IS_NULL=0[0m


Processing ApplicationController#index (for 127.0.0.1 at 2010-09-20 18:53:43) [GET]

ActionController::RoutingError (No route matches "/stylesheets/application.css" with {:method=>:get}):
  

Rendering rescues/layout (not_found)
  [4;36;1mSQL (0.1ms)[0m   [0;1mSET NAMES 'utf8'[0m
  [4;35;1mSQL (0.1ms)[0m   [0mSET SQL_AUTO_IS_NULL=0[0m


Processing LocalesController#update (for 127.0.0.1 at 2010-09-20 18:53:46) [PUT]
  Parameters: {"authenticity_token"=>"uERgXBF2EI80n+Yzav2LhsrlgOf/6Q/cjeB0W6VMP8A=", "id"=>"en"}
Redirected to http://localhost:3000/contacts
Completed in 2ms (DB: 0) | 302 Found [http://localhost/locales/en]
  [4;36;1mSQL (0.1ms)[0m   [0;1mSET NAMES 'utf8'[0m
  [4;35;1mSQL (0.1ms)[0m   [0mSET SQL_AUTO_IS_NULL=0[0m


Processing ContactsController#index (for 127.0.0.1 at 2010-09-20 18:53:46) [GET]
Rendering template within layouts/application
Rendering contacts/index
Completed in 8ms (View: 6, DB: 0) | 200 OK [http://localhost/contacts]
  [4;36;1mSQL (3.4ms)[0m   [0;1mSET NAMES 'utf8'[0m
  [4;35;1mSQL (0.1ms)[0m   [0mSET SQL_AUTO_IS_NULL=0[0m


Processing ApplicationController#index (for 127.0.0.1 at 2010-09-20 18:53:46) [GET]

ActionController::RoutingError (No route matches "/stylesheets/application.css" with {:method=>:get}):
  

Rendering rescues/layout (not_found)
  [4;36;1mSQL (0.1ms)[0m   [0;1mSET NAMES 'utf8'[0m
  [4;35;1mSQL (0.1ms)[0m   [0mSET SQL_AUTO_IS_NULL=0[0m


Processing ContactsController#index (for 127.0.0.1 at 2010-09-20 18:54:17) [GET]
Rendering template within layouts/application
Rendering contacts/index
Completed in 9ms (View: 6, DB: 0) | 200 OK [http://localhost/contacts]
  [4;36;1mSQL (0.1ms)[0m   [0;1mSET NAMES 'utf8'[0m
  [4;35;1mSQL (0.1ms)[0m   [0mSET SQL_AUTO_IS_NULL=0[0m


Processing ApplicationController#index (for 127.0.0.1 at 2010-09-20 18:54:17) [GET]

ActionController::RoutingError (No route matches "/stylesheets/application.css" with {:method=>:get}):
  

Rendering rescues/layout (not_found)
  [4;36;1mSQL (0.1ms)[0m   [0;1mSET NAMES 'utf8'[0m
  [4;35;1mSQL (0.1ms)[0m   [0mSET SQL_AUTO_IS_NULL=0[0m


Processing LocalesController#update (for 127.0.0.1 at 2010-09-20 18:54:19) [PUT]
  Parameters: {"authenticity_token"=>"uERgXBF2EI80n+Yzav2LhsrlgOf/6Q/cjeB0W6VMP8A=", "id"=>"ru"}
Redirected to http://localhost:3000/contacts
Completed in 2ms (DB: 0) | 302 Found [http://localhost/locales/ru]
  [4;36;1mSQL (0.1ms)[0m   [0;1mSET NAMES 'utf8'[0m
  [4;35;1mSQL (0.1ms)[0m   [0mSET SQL_AUTO_IS_NULL=0[0m


Processing ContactsController#index (for 127.0.0.1 at 2010-09-20 18:54:19) [GET]
Rendering template within layouts/application
Rendering contacts/index
Completed in 9ms (View: 6, DB: 0) | 200 OK [http://localhost/contacts]
  [4;36;1mSQL (0.1ms)[0m   [0;1mSET NAMES 'utf8'[0m
  [4;35;1mSQL (0.1ms)[0m   [0mSET SQL_AUTO_IS_NULL=0[0m


Processing ApplicationController#index (for 127.0.0.1 at 2010-09-20 18:54:19) [GET]

ActionController::RoutingError (No route matches "/stylesheets/application.css" with {:method=>:get}):
  

Rendering rescues/layout (not_found)
  [4;36;1mSQL (0.1ms)[0m   [0;1mSET NAMES 'utf8'[0m
  [4;35;1mSQL (0.1ms)[0m   [0mSET SQL_AUTO_IS_NULL=0[0m


Processing LocalesController#update (for 127.0.0.1 at 2010-09-20 18:54:32) [PUT]
  Parameters: {"authenticity_token"=>"uERgXBF2EI80n+Yzav2LhsrlgOf/6Q/cjeB0W6VMP8A=", "id"=>"en"}
Redirected to http://localhost:3000/contacts
Completed in 2ms (DB: 0) | 302 Found [http://localhost/locales/en]
  [4;36;1mSQL (0.1ms)[0m   [0;1mSET NAMES 'utf8'[0m
  [4;35;1mSQL (0.1ms)[0m   [0mSET SQL_AUTO_IS_NULL=0[0m


Processing ContactsController#index (for 127.0.0.1 at 2010-09-20 18:54:33) [GET]
Rendering template within layouts/application
Rendering contacts/index
Completed in 9ms (View: 7, DB: 0) | 200 OK [http://localhost/contacts]
  [4;36;1mSQL (0.1ms)[0m   [0;1mSET NAMES 'utf8'[0m
  [4;35;1mSQL (0.1ms)[0m   [0mSET SQL_AUTO_IS_NULL=0[0m


Processing ApplicationController#index (for 127.0.0.1 at 2010-09-20 18:54:33) [GET]

ActionController::RoutingError (No route matches "/stylesheets/application.css" with {:method=>:get}):
  

Rendering rescues/layout (not_found)
  [4;36;1mSQL (0.1ms)[0m   [0;1mSET NAMES 'utf8'[0m
  [4;35;1mSQL (0.1ms)[0m   [0mSET SQL_AUTO_IS_NULL=0[0m


Processing ContactsController#index (for 127.0.0.1 at 2010-09-20 18:55:22) [GET]
Rendering template within layouts/application
Rendering contacts/index
Completed in 9ms (View: 6, DB: 0) | 200 OK [http://localhost/contacts]
  [4;36;1mSQL (0.1ms)[0m   [0;1mSET NAMES 'utf8'[0m
  [4;35;1mSQL (0.1ms)[0m   [0mSET SQL_AUTO_IS_NULL=0[0m


Processing ApplicationController#index (for 127.0.0.1 at 2010-09-20 18:55:22) [GET]

ActionController::RoutingError (No route matches "/stylesheets/application.css" with {:method=>:get}):
  

Rendering rescues/layout (not_found)
  [4;36;1mSQL (0.1ms)[0m   [0;1mSET NAMES 'utf8'[0m
  [4;35;1mSQL (0.1ms)[0m   [0mSET SQL_AUTO_IS_NULL=0[0m


Processing LocalesController#update (for 127.0.0.1 at 2010-09-20 18:55:25) [PUT]
  Parameters: {"authenticity_token"=>"uERgXBF2EI80n+Yzav2LhsrlgOf/6Q/cjeB0W6VMP8A=", "id"=>"ru"}
Redirected to http://localhost:3000/contacts
Completed in 2ms (DB: 0) | 302 Found [http://localhost/locales/ru]
  [4;36;1mSQL (0.1ms)[0m   [0;1mSET NAMES 'utf8'[0m
  [4;35;1mSQL (0.1ms)[0m   [0mSET SQL_AUTO_IS_NULL=0[0m


Processing ContactsController#index (for 127.0.0.1 at 2010-09-20 18:55:25) [GET]
Rendering template within layouts/application
Rendering contacts/index
Completed in 8ms (View: 6, DB: 0) | 200 OK [http://localhost/contacts]
  [4;36;1mSQL (0.1ms)[0m   [0;1mSET NAMES 'utf8'[0m
  [4;35;1mSQL (0.1ms)[0m   [0mSET SQL_AUTO_IS_NULL=0[0m


Processing ApplicationController#index (for 127.0.0.1 at 2010-09-20 18:55:25) [GET]

ActionController::RoutingError (No route matches "/stylesheets/application.css" with {:method=>:get}):
  

Rendering rescues/layout (not_found)
  [4;36;1mSQL (0.1ms)[0m   [0;1mSET NAMES 'utf8'[0m
  [4;35;1mSQL (0.1ms)[0m   [0mSET SQL_AUTO_IS_NULL=0[0m


Processing LocalesController#update (for 127.0.0.1 at 2010-09-20 18:55:28) [PUT]
  Parameters: {"authenticity_token"=>"uERgXBF2EI80n+Yzav2LhsrlgOf/6Q/cjeB0W6VMP8A=", "id"=>"en"}
Redirected to http://localhost:3000/contacts
Completed in 3ms (DB: 0) | 302 Found [http://localhost/locales/en]
  [4;36;1mSQL (0.1ms)[0m   [0;1mSET NAMES 'utf8'[0m
  [4;35;1mSQL (0.1ms)[0m   [0mSET SQL_AUTO_IS_NULL=0[0m


Processing ContactsController#index (for 127.0.0.1 at 2010-09-20 18:55:28) [GET]
Rendering template within layouts/application
Rendering contacts/index
Completed in 10ms (View: 7, DB: 0) | 200 OK [http://localhost/contacts]
  [4;36;1mSQL (0.1ms)[0m   [0;1mSET NAMES 'utf8'[0m
  [4;35;1mSQL (0.1ms)[0m   [0mSET SQL_AUTO_IS_NULL=0[0m


Processing ApplicationController#index (for 127.0.0.1 at 2010-09-20 18:55:28) [GET]

ActionController::RoutingError (No route matches "/stylesheets/application.css" with {:method=>:get}):
  

Rendering rescues/layout (not_found)
  [4;36;1mSQL (0.1ms)[0m   [0;1mSET NAMES 'utf8'[0m
  [4;35;1mSQL (0.1ms)[0m   [0mSET SQL_AUTO_IS_NULL=0[0m


Processing LocalesController#update (for 127.0.0.1 at 2010-09-20 18:55:30) [PUT]
  Parameters: {"authenticity_token"=>"uERgXBF2EI80n+Yzav2LhsrlgOf/6Q/cjeB0W6VMP8A=", "id"=>"ru"}
Redirected to http://localhost:3000/contacts
Completed in 2ms (DB: 0) | 302 Found [http://localhost/locales/ru]
  [4;36;1mSQL (0.1ms)[0m   [0;1mSET NAMES 'utf8'[0m
  [4;35;1mSQL (0.1ms)[0m   [0mSET SQL_AUTO_IS_NULL=0[0m


Processing ContactsController#index (for 127.0.0.1 at 2010-09-20 18:55:30) [GET]
Rendering template within layouts/application
Rendering contacts/index
Completed in 9ms (View: 6, DB: 0) | 200 OK [http://localhost/contacts]
  [4;36;1mSQL (0.1ms)[0m   [0;1mSET NAMES 'utf8'[0m
  [4;35;1mSQL (0.1ms)[0m   [0mSET SQL_AUTO_IS_NULL=0[0m


Processing ApplicationController#index (for 127.0.0.1 at 2010-09-20 18:55:30) [GET]

ActionController::RoutingError (No route matches "/stylesheets/application.css" with {:method=>:get}):
  

Rendering rescues/layout (not_found)
  [4;36;1mSQL (0.1ms)[0m   [0;1mSET NAMES 'utf8'[0m
  [4;35;1mSQL (0.1ms)[0m   [0mSET SQL_AUTO_IS_NULL=0[0m


Processing ContactsController#index (for 127.0.0.1 at 2010-09-20 18:55:34) [GET]
Rendering template within layouts/application
Rendering contacts/index
Completed in 9ms (View: 6, DB: 0) | 200 OK [http://localhost/contacts]
  [4;36;1mSQL (0.1ms)[0m   [0;1mSET NAMES 'utf8'[0m
  [4;35;1mSQL (0.1ms)[0m   [0mSET SQL_AUTO_IS_NULL=0[0m


Processing ApplicationController#index (for 127.0.0.1 at 2010-09-20 18:55:34) [GET]

ActionController::RoutingError (No route matches "/stylesheets/application.css" with {:method=>:get}):
  

Rendering rescues/layout (not_found)
  [4;36;1mSQL (0.1ms)[0m   [0;1mSET NAMES 'utf8'[0m
  [4;35;1mSQL (0.1ms)[0m   [0mSET SQL_AUTO_IS_NULL=0[0m


Processing LocalesController#update (for 127.0.0.1 at 2010-09-20 18:55:42) [PUT]
  Parameters: {"authenticity_token"=>"uERgXBF2EI80n+Yzav2LhsrlgOf/6Q/cjeB0W6VMP8A=", "id"=>"en"}
Redirected to http://localhost:3000/contacts
Completed in 2ms (DB: 0) | 302 Found [http://localhost/locales/en]
  [4;36;1mSQL (0.1ms)[0m   [0;1mSET NAMES 'utf8'[0m
  [4;35;1mSQL (0.1ms)[0m   [0mSET SQL_AUTO_IS_NULL=0[0m


Processing ContactsController#index (for 127.0.0.1 at 2010-09-20 18:55:42) [GET]
Rendering template within layouts/application
Rendering contacts/index
Completed in 9ms (View: 7, DB: 0) | 200 OK [http://localhost/contacts]
  [4;36;1mSQL (0.1ms)[0m   [0;1mSET NAMES 'utf8'[0m
  [4;35;1mSQL (0.1ms)[0m   [0mSET SQL_AUTO_IS_NULL=0[0m


Processing ApplicationController#index (for 127.0.0.1 at 2010-09-20 18:55:42) [GET]

ActionController::RoutingError (No route matches "/stylesheets/application.css" with {:method=>:get}):
  

Rendering rescues/layout (not_found)
  [4;36;1mSQL (0.1ms)[0m   [0;1mSET NAMES 'utf8'[0m
  [4;35;1mSQL (0.1ms)[0m   [0mSET SQL_AUTO_IS_NULL=0[0m


Processing LocalesController#update (for 127.0.0.1 at 2010-09-20 18:55:45) [PUT]
  Parameters: {"authenticity_token"=>"uERgXBF2EI80n+Yzav2LhsrlgOf/6Q/cjeB0W6VMP8A=", "id"=>"ru"}
Redirected to http://localhost:3000/contacts
Completed in 2ms (DB: 0) | 302 Found [http://localhost/locales/ru]
  [4;36;1mSQL (0.1ms)[0m   [0;1mSET NAMES 'utf8'[0m
  [4;35;1mSQL (0.1ms)[0m   [0mSET SQL_AUTO_IS_NULL=0[0m


Processing ContactsController#index (for 127.0.0.1 at 2010-09-20 18:55:45) [GET]
Rendering template within layouts/application
Rendering contacts/index
Completed in 8ms (View: 6, DB: 0) | 200 OK [http://localhost/contacts]
  [4;36;1mSQL (0.1ms)[0m   [0;1mSET NAMES 'utf8'[0m
  [4;35;1mSQL (0.1ms)[0m   [0mSET SQL_AUTO_IS_NULL=0[0m


Processing ApplicationController#index (for 127.0.0.1 at 2010-09-20 18:55:45) [GET]

ActionController::RoutingError (No route matches "/stylesheets/application.css" with {:method=>:get}):
  

Rendering rescues/layout (not_found)
  [4;36;1mSQL (0.1ms)[0m   [0;1mSET NAMES 'utf8'[0m
  [4;35;1mSQL (0.1ms)[0m   [0mSET SQL_AUTO_IS_NULL=0[0m


Processing ContactsController#index (for 127.0.0.1 at 2010-09-20 18:56:10) [GET]
Rendering template within layouts/application
Rendering contacts/index
Completed in 13ms (View: 11, DB: 0) | 200 OK [http://localhost/contacts]
  [4;36;1mSQL (0.1ms)[0m   [0;1mSET NAMES 'utf8'[0m
  [4;35;1mSQL (0.1ms)[0m   [0mSET SQL_AUTO_IS_NULL=0[0m


Processing ApplicationController#index (for 127.0.0.1 at 2010-09-20 18:56:10) [GET]

ActionController::RoutingError (No route matches "/stylesheets/application.css" with {:method=>:get}):
  

Rendering rescues/layout (not_found)
  [4;36;1mSQL (0.1ms)[0m   [0;1mSET NAMES 'utf8'[0m
  [4;35;1mSQL (0.1ms)[0m   [0mSET SQL_AUTO_IS_NULL=0[0m


Processing LocalesController#update (for 127.0.0.1 at 2010-09-20 18:56:13) [PUT]
  Parameters: {"authenticity_token"=>"uERgXBF2EI80n+Yzav2LhsrlgOf/6Q/cjeB0W6VMP8A=", "id"=>"ru"}
Redirected to http://localhost:3000/contacts
Completed in 2ms (DB: 0) | 302 Found [http://localhost/locales/ru]
  [4;36;1mSQL (0.1ms)[0m   [0;1mSET NAMES 'utf8'[0m
  [4;35;1mSQL (0.1ms)[0m   [0mSET SQL_AUTO_IS_NULL=0[0m


Processing ContactsController#index (for 127.0.0.1 at 2010-09-20 18:56:13) [GET]
Rendering template within layouts/application
Rendering contacts/index
Completed in 9ms (View: 7, DB: 0) | 200 OK [http://localhost/contacts]
  [4;36;1mSQL (0.1ms)[0m   [0;1mSET NAMES 'utf8'[0m
  [4;35;1mSQL (0.1ms)[0m   [0mSET SQL_AUTO_IS_NULL=0[0m


Processing ApplicationController#index (for 127.0.0.1 at 2010-09-20 18:56:13) [GET]

ActionController::RoutingError (No route matches "/stylesheets/application.css" with {:method=>:get}):
  

Rendering rescues/layout (not_found)
  [4;36;1mSQL (0.1ms)[0m   [0;1mSET NAMES 'utf8'[0m
  [4;35;1mSQL (0.1ms)[0m   [0mSET SQL_AUTO_IS_NULL=0[0m


Processing ContactsController#index (for 127.0.0.1 at 2010-09-20 18:57:29) [GET]
Rendering template within layouts/application
Rendering contacts/index
Completed in 17ms (View: 14, DB: 0) | 200 OK [http://localhost/contacts]
  [4;36;1mSQL (0.1ms)[0m   [0;1mSET NAMES 'utf8'[0m
  [4;35;1mSQL (0.1ms)[0m   [0mSET SQL_AUTO_IS_NULL=0[0m


Processing ApplicationController#index (for 127.0.0.1 at 2010-09-20 18:57:29) [GET]

ActionController::RoutingError (No route matches "/stylesheets/application.css" with {:method=>:get}):
  

Rendering rescues/layout (not_found)
  [4;36;1mSQL (0.1ms)[0m   [0;1mSET NAMES 'utf8'[0m
  [4;35;1mSQL (0.1ms)[0m   [0mSET SQL_AUTO_IS_NULL=0[0m


Processing ContactsController#index (for 127.0.0.1 at 2010-09-20 18:57:32) [GET]
Rendering template within layouts/application
Rendering contacts/index
Completed in 9ms (View: 7, DB: 0) | 200 OK [http://localhost/contacts]
  [4;36;1mSQL (0.1ms)[0m   [0;1mSET NAMES 'utf8'[0m
  [4;35;1mSQL (0.1ms)[0m   [0mSET SQL_AUTO_IS_NULL=0[0m


Processing ApplicationController#index (for 127.0.0.1 at 2010-09-20 18:57:32) [GET]

ActionController::RoutingError (No route matches "/stylesheets/application.css" with {:method=>:get}):
  

Rendering rescues/layout (not_found)
  [4;36;1mSQL (0.1ms)[0m   [0;1mSET NAMES 'utf8'[0m
  [4;35;1mSQL (0.1ms)[0m   [0mSET SQL_AUTO_IS_NULL=0[0m


Processing LocalesController#update (for 127.0.0.1 at 2010-09-20 18:57:34) [PUT]
  Parameters: {"authenticity_token"=>"uERgXBF2EI80n+Yzav2LhsrlgOf/6Q/cjeB0W6VMP8A=", "id"=>"ru"}
Redirected to http://localhost:3000/contacts
Completed in 4ms (DB: 0) | 302 Found [http://localhost/locales/ru]
  [4;36;1mSQL (0.1ms)[0m   [0;1mSET NAMES 'utf8'[0m
  [4;35;1mSQL (0.1ms)[0m   [0mSET SQL_AUTO_IS_NULL=0[0m


Processing ContactsController#index (for 127.0.0.1 at 2010-09-20 18:57:34) [GET]
Rendering template within layouts/application
Rendering contacts/index
Completed in 8ms (View: 6, DB: 0) | 200 OK [http://localhost/contacts]
  [4;36;1mSQL (0.1ms)[0m   [0;1mSET NAMES 'utf8'[0m
  [4;35;1mSQL (0.1ms)[0m   [0mSET SQL_AUTO_IS_NULL=0[0m


Processing ApplicationController#index (for 127.0.0.1 at 2010-09-20 18:57:34) [GET]

ActionController::RoutingError (No route matches "/stylesheets/application.css" with {:method=>:get}):
  

Rendering rescues/layout (not_found)
  [4;36;1mSQL (0.1ms)[0m   [0;1mSET NAMES 'utf8'[0m
  [4;35;1mSQL (0.1ms)[0m   [0mSET SQL_AUTO_IS_NULL=0[0m


Processing LocalesController#update (for 127.0.0.1 at 2010-09-20 18:57:36) [PUT]
  Parameters: {"authenticity_token"=>"uERgXBF2EI80n+Yzav2LhsrlgOf/6Q/cjeB0W6VMP8A=", "id"=>"en"}
Redirected to http://localhost:3000/contacts
Completed in 2ms (DB: 0) | 302 Found [http://localhost/locales/en]
  [4;36;1mSQL (0.1ms)[0m   [0;1mSET NAMES 'utf8'[0m
  [4;35;1mSQL (0.1ms)[0m   [0mSET SQL_AUTO_IS_NULL=0[0m


Processing ContactsController#index (for 127.0.0.1 at 2010-09-20 18:57:36) [GET]
Rendering template within layouts/application
Rendering contacts/index
Completed in 9ms (View: 7, DB: 0) | 200 OK [http://localhost/contacts]
  [4;36;1mSQL (0.1ms)[0m   [0;1mSET NAMES 'utf8'[0m
  [4;35;1mSQL (0.1ms)[0m   [0mSET SQL_AUTO_IS_NULL=0[0m


Processing ApplicationController#index (for 127.0.0.1 at 2010-09-20 18:57:36) [GET]

ActionController::RoutingError (No route matches "/stylesheets/application.css" with {:method=>:get}):
  

Rendering rescues/layout (not_found)
  [4;36;1mSQL (0.1ms)[0m   [0;1mSET NAMES 'utf8'[0m
  [4;35;1mSQL (0.1ms)[0m   [0mSET SQL_AUTO_IS_NULL=0[0m


Processing LocalesController#update (for 127.0.0.1 at 2010-09-20 18:57:37) [PUT]
  Parameters: {"authenticity_token"=>"uERgXBF2EI80n+Yzav2LhsrlgOf/6Q/cjeB0W6VMP8A=", "id"=>"ru"}
Redirected to http://localhost:3000/contacts
Completed in 2ms (DB: 0) | 302 Found [http://localhost/locales/ru]
  [4;36;1mSQL (0.1ms)[0m   [0;1mSET NAMES 'utf8'[0m
  [4;35;1mSQL (0.1ms)[0m   [0mSET SQL_AUTO_IS_NULL=0[0m


Processing ContactsController#index (for 127.0.0.1 at 2010-09-20 18:57:37) [GET]
Rendering template within layouts/application
Rendering contacts/index
Completed in 9ms (View: 7, DB: 0) | 200 OK [http://localhost/contacts]
  [4;36;1mSQL (0.1ms)[0m   [0;1mSET NAMES 'utf8'[0m
  [4;35;1mSQL (0.1ms)[0m   [0mSET SQL_AUTO_IS_NULL=0[0m


Processing ApplicationController#index (for 127.0.0.1 at 2010-09-20 18:57:37) [GET]

ActionController::RoutingError (No route matches "/stylesheets/application.css" with {:method=>:get}):
  

Rendering rescues/layout (not_found)
  [4;36;1mSQL (0.1ms)[0m   [0;1mSET NAMES 'utf8'[0m
  [4;35;1mSQL (0.1ms)[0m   [0mSET SQL_AUTO_IS_NULL=0[0m


Processing LocalesController#update (for 127.0.0.1 at 2010-09-20 18:57:39) [PUT]
  Parameters: {"authenticity_token"=>"uERgXBF2EI80n+Yzav2LhsrlgOf/6Q/cjeB0W6VMP8A=", "id"=>"en"}
Redirected to http://localhost:3000/contacts
Completed in 2ms (DB: 0) | 302 Found [http://localhost/locales/en]
  [4;36;1mSQL (0.1ms)[0m   [0;1mSET NAMES 'utf8'[0m
  [4;35;1mSQL (0.1ms)[0m   [0mSET SQL_AUTO_IS_NULL=0[0m


Processing ContactsController#index (for 127.0.0.1 at 2010-09-20 18:57:39) [GET]
Rendering template within layouts/application
Rendering contacts/index
Completed in 72ms (View: 70, DB: 0) | 200 OK [http://localhost/contacts]
  [4;36;1mSQL (0.1ms)[0m   [0;1mSET NAMES 'utf8'[0m
  [4;35;1mSQL (0.1ms)[0m   [0mSET SQL_AUTO_IS_NULL=0[0m


Processing ApplicationController#index (for 127.0.0.1 at 2010-09-20 18:57:39) [GET]

ActionController::RoutingError (No route matches "/stylesheets/application.css" with {:method=>:get}):
  

Rendering rescues/layout (not_found)
  [4;36;1mSQL (0.1ms)[0m   [0;1mSET NAMES 'utf8'[0m
  [4;35;1mSQL (0.1ms)[0m   [0mSET SQL_AUTO_IS_NULL=0[0m


Processing LocalesController#update (for 127.0.0.1 at 2010-09-20 18:57:40) [PUT]
  Parameters: {"authenticity_token"=>"uERgXBF2EI80n+Yzav2LhsrlgOf/6Q/cjeB0W6VMP8A=", "id"=>"ru"}
Redirected to http://localhost:3000/contacts
Completed in 2ms (DB: 0) | 302 Found [http://localhost/locales/ru]
  [4;36;1mSQL (0.1ms)[0m   [0;1mSET NAMES 'utf8'[0m
  [4;35;1mSQL (0.1ms)[0m   [0mSET SQL_AUTO_IS_NULL=0[0m


Processing ContactsController#index (for 127.0.0.1 at 2010-09-20 18:57:40) [GET]
Rendering template within layouts/application
Rendering contacts/index
Completed in 9ms (View: 7, DB: 0) | 200 OK [http://localhost/contacts]
  [4;36;1mSQL (0.1ms)[0m   [0;1mSET NAMES 'utf8'[0m
  [4;35;1mSQL (0.1ms)[0m   [0mSET SQL_AUTO_IS_NULL=0[0m


Processing ApplicationController#index (for 127.0.0.1 at 2010-09-20 18:57:40) [GET]

ActionController::RoutingError (No route matches "/stylesheets/application.css" with {:method=>:get}):
  

Rendering rescues/layout (not_found)
  [4;36;1mSQL (0.1ms)[0m   [0;1mSET NAMES 'utf8'[0m
  [4;35;1mSQL (0.1ms)[0m   [0mSET SQL_AUTO_IS_NULL=0[0m


Processing ContactsController#index (for 127.0.0.1 at 2010-09-20 18:57:48) [GET]
Rendering template within layouts/application
Rendering contacts/index
Completed in 9ms (View: 7, DB: 0) | 200 OK [http://localhost/contacts]
  [4;36;1mSQL (0.1ms)[0m   [0;1mSET NAMES 'utf8'[0m
  [4;35;1mSQL (0.1ms)[0m   [0mSET SQL_AUTO_IS_NULL=0[0m


Processing ApplicationController#index (for 127.0.0.1 at 2010-09-20 18:57:48) [GET]

ActionController::RoutingError (No route matches "/stylesheets/application.css" with {:method=>:get}):
  

Rendering rescues/layout (not_found)
  [4;36;1mSQL (0.1ms)[0m   [0;1mSET NAMES 'utf8'[0m
  [4;35;1mSQL (0.1ms)[0m   [0mSET SQL_AUTO_IS_NULL=0[0m


Processing LocalesController#update (for 127.0.0.1 at 2010-09-20 18:57:51) [PUT]
  Parameters: {"authenticity_token"=>"uERgXBF2EI80n+Yzav2LhsrlgOf/6Q/cjeB0W6VMP8A=", "id"=>"en"}
Redirected to http://localhost:3000/contacts
Completed in 2ms (DB: 0) | 302 Found [http://localhost/locales/en]
  [4;36;1mSQL (0.1ms)[0m   [0;1mSET NAMES 'utf8'[0m
  [4;35;1mSQL (0.1ms)[0m   [0mSET SQL_AUTO_IS_NULL=0[0m


Processing ContactsController#index (for 127.0.0.1 at 2010-09-20 18:57:51) [GET]
Rendering template within layouts/application
Rendering contacts/index
Completed in 9ms (View: 7, DB: 0) | 200 OK [http://localhost/contacts]
  [4;36;1mSQL (0.1ms)[0m   [0;1mSET NAMES 'utf8'[0m
  [4;35;1mSQL (0.1ms)[0m   [0mSET SQL_AUTO_IS_NULL=0[0m


Processing ApplicationController#index (for 127.0.0.1 at 2010-09-20 18:57:51) [GET]

ActionController::RoutingError (No route matches "/stylesheets/application.css" with {:method=>:get}):
  

Rendering rescues/layout (not_found)
  [4;36;1mSQL (0.1ms)[0m   [0;1mSET NAMES 'utf8'[0m
  [4;35;1mSQL (0.1ms)[0m   [0mSET SQL_AUTO_IS_NULL=0[0m


Processing LocalesController#update (for 127.0.0.1 at 2010-09-20 18:57:52) [PUT]
  Parameters: {"authenticity_token"=>"uERgXBF2EI80n+Yzav2LhsrlgOf/6Q/cjeB0W6VMP8A=", "id"=>"ru"}
Redirected to http://localhost:3000/contacts
Completed in 2ms (DB: 0) | 302 Found [http://localhost/locales/ru]
  [4;36;1mSQL (0.1ms)[0m   [0;1mSET NAMES 'utf8'[0m
  [4;35;1mSQL (0.1ms)[0m   [0mSET SQL_AUTO_IS_NULL=0[0m


Processing ContactsController#index (for 127.0.0.1 at 2010-09-20 18:57:52) [GET]
Rendering template within layouts/application
Rendering contacts/index
Completed in 74ms (View: 7, DB: 0) | 200 OK [http://localhost/contacts]
  [4;36;1mSQL (0.1ms)[0m   [0;1mSET NAMES 'utf8'[0m
  [4;35;1mSQL (0.1ms)[0m   [0mSET SQL_AUTO_IS_NULL=0[0m


Processing ApplicationController#index (for 127.0.0.1 at 2010-09-20 18:57:52) [GET]

ActionController::RoutingError (No route matches "/stylesheets/application.css" with {:method=>:get}):
  

Rendering rescues/layout (not_found)
  [4;36;1mSQL (0.1ms)[0m   [0;1mSET NAMES 'utf8'[0m
  [4;35;1mSQL (0.1ms)[0m   [0mSET SQL_AUTO_IS_NULL=0[0m


Processing LocalesController#update (for 127.0.0.1 at 2010-09-20 18:57:53) [PUT]
  Parameters: {"authenticity_token"=>"uERgXBF2EI80n+Yzav2LhsrlgOf/6Q/cjeB0W6VMP8A=", "id"=>"en"}
Redirected to http://localhost:3000/contacts
Completed in 2ms (DB: 0) | 302 Found [http://localhost/locales/en]
  [4;36;1mSQL (0.1ms)[0m   [0;1mSET NAMES 'utf8'[0m
  [4;35;1mSQL (0.1ms)[0m   [0mSET SQL_AUTO_IS_NULL=0[0m


Processing ContactsController#index (for 127.0.0.1 at 2010-09-20 18:57:53) [GET]
Rendering template within layouts/application
Rendering contacts/index
Completed in 9ms (View: 6, DB: 0) | 200 OK [http://localhost/contacts]
  [4;36;1mSQL (0.1ms)[0m   [0;1mSET NAMES 'utf8'[0m
  [4;35;1mSQL (0.1ms)[0m   [0mSET SQL_AUTO_IS_NULL=0[0m


Processing ApplicationController#index (for 127.0.0.1 at 2010-09-20 18:57:53) [GET]

ActionController::RoutingError (No route matches "/stylesheets/application.css" with {:method=>:get}):
  

Rendering rescues/layout (not_found)
  [4;36;1mSQL (0.1ms)[0m   [0;1mSET NAMES 'utf8'[0m
  [4;35;1mSQL (0.1ms)[0m   [0mSET SQL_AUTO_IS_NULL=0[0m


Processing LocalesController#update (for 127.0.0.1 at 2010-09-20 18:57:55) [PUT]
  Parameters: {"authenticity_token"=>"uERgXBF2EI80n+Yzav2LhsrlgOf/6Q/cjeB0W6VMP8A=", "id"=>"ru"}
Redirected to http://localhost:3000/contacts
Completed in 2ms (DB: 0) | 302 Found [http://localhost/locales/ru]
  [4;36;1mSQL (0.1ms)[0m   [0;1mSET NAMES 'utf8'[0m
  [4;35;1mSQL (0.1ms)[0m   [0mSET SQL_AUTO_IS_NULL=0[0m


Processing ContactsController#index (for 127.0.0.1 at 2010-09-20 18:57:55) [GET]
Rendering template within layouts/application
Rendering contacts/index
Completed in 9ms (View: 6, DB: 0) | 200 OK [http://localhost/contacts]
  [4;36;1mSQL (0.1ms)[0m   [0;1mSET NAMES 'utf8'[0m
  [4;35;1mSQL (0.1ms)[0m   [0mSET SQL_AUTO_IS_NULL=0[0m


Processing ApplicationController#index (for 127.0.0.1 at 2010-09-20 18:57:55) [GET]

ActionController::RoutingError (No route matches "/stylesheets/application.css" with {:method=>:get}):
  

Rendering rescues/layout (not_found)
  [4;36;1mSQL (0.1ms)[0m   [0;1mSET NAMES 'utf8'[0m
  [4;35;1mSQL (0.1ms)[0m   [0mSET SQL_AUTO_IS_NULL=0[0m


Processing LocalesController#update (for 127.0.0.1 at 2010-09-20 18:57:57) [PUT]
  Parameters: {"authenticity_token"=>"uERgXBF2EI80n+Yzav2LhsrlgOf/6Q/cjeB0W6VMP8A=", "id"=>"en"}
Redirected to http://localhost:3000/contacts
Completed in 2ms (DB: 0) | 302 Found [http://localhost/locales/en]
  [4;36;1mSQL (0.1ms)[0m   [0;1mSET NAMES 'utf8'[0m
  [4;35;1mSQL (0.1ms)[0m   [0mSET SQL_AUTO_IS_NULL=0[0m


Processing ContactsController#index (for 127.0.0.1 at 2010-09-20 18:57:57) [GET]
Rendering template within layouts/application
Rendering contacts/index
Completed in 9ms (View: 6, DB: 0) | 200 OK [http://localhost/contacts]
  [4;36;1mSQL (0.1ms)[0m   [0;1mSET NAMES 'utf8'[0m
  [4;35;1mSQL (0.1ms)[0m   [0mSET SQL_AUTO_IS_NULL=0[0m


Processing ApplicationController#index (for 127.0.0.1 at 2010-09-20 18:57:57) [GET]

ActionController::RoutingError (No route matches "/stylesheets/application.css" with {:method=>:get}):
  

Rendering rescues/layout (not_found)
  [4;36;1mSQL (0.1ms)[0m   [0;1mSET NAMES 'utf8'[0m
  [4;35;1mSQL (0.1ms)[0m   [0mSET SQL_AUTO_IS_NULL=0[0m


Processing HomeController#index (for 127.0.0.1 at 2010-09-20 18:58:02) [GET]
Rendering template within layouts/application
Rendering home/index
Completed in 13ms (View: 10, DB: 0) | 200 OK [http://localhost/]
  [4;36;1mSQL (0.1ms)[0m   [0;1mSET NAMES 'utf8'[0m
  [4;35;1mSQL (0.1ms)[0m   [0mSET SQL_AUTO_IS_NULL=0[0m


Processing ApplicationController#index (for 127.0.0.1 at 2010-09-20 18:58:02) [GET]

ActionController::RoutingError (No route matches "/stylesheets/application.css" with {:method=>:get}):
  

Rendering rescues/layout (not_found)
  [4;36;1mSQL (0.1ms)[0m   [0;1mSET NAMES 'utf8'[0m
  [4;35;1mSQL (0.1ms)[0m   [0mSET SQL_AUTO_IS_NULL=0[0m


Processing LocalesController#update (for 127.0.0.1 at 2010-09-20 18:58:05) [PUT]
  Parameters: {"authenticity_token"=>"uERgXBF2EI80n+Yzav2LhsrlgOf/6Q/cjeB0W6VMP8A=", "id"=>"ru"}
Redirected to http://localhost:3000/
Completed in 2ms (DB: 0) | 302 Found [http://localhost/locales/ru]
  [4;36;1mSQL (0.1ms)[0m   [0;1mSET NAMES 'utf8'[0m
  [4;35;1mSQL (0.1ms)[0m   [0mSET SQL_AUTO_IS_NULL=0[0m


Processing HomeController#index (for 127.0.0.1 at 2010-09-20 18:58:05) [GET]
Rendering template within layouts/application
Rendering home/index
Completed in 9ms (View: 6, DB: 0) | 200 OK [http://localhost/]
  [4;36;1mSQL (0.1ms)[0m   [0;1mSET NAMES 'utf8'[0m
  [4;35;1mSQL (0.1ms)[0m   [0mSET SQL_AUTO_IS_NULL=0[0m


Processing ApplicationController#index (for 127.0.0.1 at 2010-09-20 18:58:05) [GET]

ActionController::RoutingError (No route matches "/stylesheets/application.css" with {:method=>:get}):
  

Rendering rescues/layout (not_found)
